<?xml version="1.0" encoding="UTF-8"?>
<testsuite name="com.example.jetpack.ExampleUnitTest" tests="1" skipped="0" failures="0" errors="0" timestamp="2021-06-08T14:31:00" hostname="MacBook-Pro" time="0.002">
  <properties/>
  <testcase name="addition_isCorrect" classname="com.example.jetpack.ExampleUnitTest" time="0.002"/>
  <system-out><![CDATA[]]></system-out>
  <system-err><![CDATA[]]></system-err>
</testsuite>
